<?xml version="1.0" encoding="UTF-8"?>
<testsuite xmlns:xsi="http://www.w3.org/2001/XMLSchema-instance" xsi:noNamespaceSchemaLocation="https://maven.apache.org/surefire/maven-surefire-plugin/xsd/surefire-test-report.xsd" version="3.0.2" name="TaskTest" time="0.017" tests="5" errors="0" skipped="0" failures="0">
  <properties>
[...]
</properties>
  <testcase name="testMyStackBsic" classname="TaskTest" time="0.006"/>
  <testcase name="testMyQueueBasic" classname="TaskTest" time="0.001"/>
  <testcase name="testCalculate" classname="TaskTest" time="0.001"/>
  <testcase name="testStackwithTwoQs" classname="TaskTest" time="0.001"/>
  <testcase name="testCalculateError" classname="TaskTest" time="0.001"/>
</testsuite>